0 info it worked if it ends with ok
1 verbose cli [ '/usr/local/bin/node', '/usr/local/bin/npm', 'publish', '.' ]
2 info using npm@3.10.10
3 info using node@v6.9.5
4 verbose publish [ '.' ]
5 silly cache add args [ '.', null ]
6 verbose cache add spec .
7 silly cache add parsed spec Result {
7 silly cache add   raw: '.',
7 silly cache add   scope: null,
7 silly cache add   escapedName: null,
7 silly cache add   name: null,
7 silly cache add   rawSpec: '.',
7 silly cache add   spec: '/Users/tunght/work/OpenSource/mql',
7 silly cache add   type: 'directory' }
8 verbose addLocalDirectory /Users/tunght/.npm/mql/0.1.0/package.tgz not in flight; packing
9 verbose correctMkdir /Users/tunght/.npm correctMkdir not in flight; initializing
10 info lifecycle mql@0.1.0~prepublish: mql@0.1.0
11 silly lifecycle mql@0.1.0~prepublish: no script for prepublish, continuing
12 verbose tar pack [ '/Users/tunght/.npm/mql/0.1.0/package.tgz',
12 verbose tar pack   '/Users/tunght/work/OpenSource/mql' ]
13 verbose tarball /Users/tunght/.npm/mql/0.1.0/package.tgz
14 verbose folder /Users/tunght/work/OpenSource/mql
15 verbose addLocalTarball adding from inside cache /Users/tunght/.npm/mql/0.1.0/package.tgz
16 verbose correctMkdir /Users/tunght/.npm correctMkdir not in flight; initializing
17 silly cache afterAdd mql@0.1.0
18 verbose afterAdd /Users/tunght/.npm/mql/0.1.0/package/package.json not in flight; writing
19 verbose correctMkdir /Users/tunght/.npm correctMkdir not in flight; initializing
20 verbose afterAdd /Users/tunght/.npm/mql/0.1.0/package/package.json written
21 silly publish { name: 'mql',
21 silly publish   version: '0.1.0',
21 silly publish   description: 'A Query language for mongoosejs',
21 silly publish   main: 'index.js',
21 silly publish   scripts: { test: 'node ./test.js' },
21 silly publish   author: { name: 'tunght91' },
21 silly publish   license: 'ISC',
21 silly publish   dependencies:
21 silly publish    { 'deep-obj': '^1.2.3',
21 silly publish      'es6-promise': '^4.0.5',
21 silly publish      lodash: '^4.17.4',
21 silly publish      mongoose: '^4.8.5' },
21 silly publish   bugs: { url: 'https://github.com/tunght91/mql/issues' },
21 silly publish   keywords:
21 silly publish    [ 'deep',
21 silly publish      'object',
21 silly publish      'get',
21 silly publish      'set',
21 silly publish      'mongo',
21 silly publish      'mongodb',
21 silly publish      'mongoose',
21 silly publish      'query',
21 silly publish      'sql',
21 silly publish      'populate' ],
21 silly publish   homepage: 'https://github.com/tunght91/mql#readme',
21 silly publish   readme: '# What is mql?\nMQL is [M]ongo [Q]uery [L]anguage\n\n',
21 silly publish   readmeFilename: 'README.md',
21 silly publish   gitHead: 'fe7232caddee46248efe3b2189b02743f674aa95',
21 silly publish   _id: 'mql@0.1.0',
21 silly publish   _shasum: '07ec1f7e252b591f68549234089c4d8fda9b16e1',
21 silly publish   _from: '.' }
22 verbose getPublishConfig undefined
23 silly mapToRegistry name mql
24 silly mapToRegistry using default registry
25 silly mapToRegistry registry https://registry.npmjs.org/
26 silly mapToRegistry data Result {
26 silly mapToRegistry   raw: 'mql',
26 silly mapToRegistry   scope: null,
26 silly mapToRegistry   escapedName: 'mql',
26 silly mapToRegistry   name: 'mql',
26 silly mapToRegistry   rawSpec: '',
26 silly mapToRegistry   spec: 'latest',
26 silly mapToRegistry   type: 'tag' }
27 silly mapToRegistry uri https://registry.npmjs.org/mql
28 verbose publish registryBase https://registry.npmjs.org/
29 silly publish uploading /Users/tunght/.npm/mql/0.1.0/package.tgz
30 verbose request uri https://registry.npmjs.org/mql
31 verbose request sending authorization for write operation
32 info attempt registry request try #1 at 9:41:26 AM
33 verbose request using bearer token for auth
34 verbose request id ee940dd14f944971
35 http request PUT https://registry.npmjs.org/mql
36 http 403 https://registry.npmjs.org/mql
37 verbose headers { 'content-type': 'application/json',
37 verbose headers   'cache-control': 'max-age=300',
37 verbose headers   'content-length': '97',
37 verbose headers   'accept-ranges': 'bytes',
37 verbose headers   date: 'Thu, 09 Mar 2017 02:41:28 GMT',
37 verbose headers   via: '1.1 varnish',
37 verbose headers   connection: 'keep-alive',
37 verbose headers   'x-served-by': 'cache-sin6923-SIN',
37 verbose headers   'x-cache': 'MISS',
37 verbose headers   'x-cache-hits': '0',
37 verbose headers   'x-timer': 'S1489027287.517842,VS0,VE990',
37 verbose headers   vary: 'Accept-Encoding' }
38 verbose request invalidating /Users/tunght/.npm/registry.npmjs.org/mql on PUT
39 error publish Failed PUT 403
40 verbose stack Error: you do not have permission to publish "mql". Are you logged in as the correct user? : mql
40 verbose stack     at makeError (/usr/local/lib/node_modules/npm/node_modules/npm-registry-client/lib/request.js:302:12)
40 verbose stack     at CachingRegistryClient.<anonymous> (/usr/local/lib/node_modules/npm/node_modules/npm-registry-client/lib/request.js:290:14)
40 verbose stack     at Request._callback (/usr/local/lib/node_modules/npm/node_modules/npm-registry-client/lib/request.js:210:14)
40 verbose stack     at Request.self.callback (/usr/local/lib/node_modules/npm/node_modules/request/request.js:187:22)
40 verbose stack     at emitTwo (events.js:106:13)
40 verbose stack     at Request.emit (events.js:191:7)
40 verbose stack     at Request.<anonymous> (/usr/local/lib/node_modules/npm/node_modules/request/request.js:1048:10)
40 verbose stack     at emitOne (events.js:96:13)
40 verbose stack     at Request.emit (events.js:188:7)
40 verbose stack     at IncomingMessage.<anonymous> (/usr/local/lib/node_modules/npm/node_modules/request/request.js:969:12)
41 verbose statusCode 403
42 verbose pkgid mql
43 verbose cwd /Users/tunght/work/OpenSource/mql
44 error Darwin 16.4.0
45 error argv "/usr/local/bin/node" "/usr/local/bin/npm" "publish" "."
46 error node v6.9.5
47 error npm  v3.10.10
48 error code E403
49 error you do not have permission to publish "mql". Are you logged in as the correct user? : mql
50 error If you need help, you may report this error at:
50 error     <https://github.com/npm/npm/issues>
51 verbose exit [ 1, true ]
